<?xml version="1.0" encoding="UTF-8"?>
<testng-results ignored="0" total="1" passed="1" failed="0" skipped="0">
  <reporter-output>
  </reporter-output>
  <suite started-at="2023-10-28T16:20:55 IST" name="Default suite" finished-at="2023-10-28T16:20:55 IST" duration-ms="55">
    <groups>
    </groups>
    <test started-at="2023-10-28T16:20:55 IST" name="Default test" finished-at="2023-10-28T16:20:55 IST" duration-ms="55">
      <class name="aving.ValidationTest">
        <test-method signature="validation()[pri:0, instance:aving.ValidationTest@2e55dd0c]" started-at="2023-10-28T16:20:55 IST" name="validation" finished-at="2023-10-28T16:20:55 IST" duration-ms="12" status="PASS">
          <reporter-output>
          </reporter-output>
        </test-method> <!-- validation -->
      </class> <!-- aving.ValidationTest -->
    </test> <!-- Default test -->
  </suite> <!-- Default suite -->
</testng-results>
